# JRE version: Java(TM) SE Runtime Environment (8.0_221-b11) (build 1.8.0_221-b11)
# Java VM: Java HotSpot(TM) 64-Bit Server VM (25.221-b11 mixed mode linux-amd64 compressed oops)
Heap:
 PSYoungGen      total 203264K, used 10234K [0x00000000d7100000, 0x00000000e4280000, 0x0000000100000000)
  eden space 193024K, 0% used [0x00000000d7100000,0x00000000d7100000,0x00000000e2d80000)
  from space 10240K, 99% used [0x00000000e2d80000,0x00000000e377ea00,0x00000000e3780000)
  to   space 10752K, 0% used [0x00000000e3780000,0x00000000e3780000,0x00000000e4200000)
 ParOldGen       total 57856K, used 22168K [0x0000000085200000, 0x0000000088a80000, 0x00000000d7100000)
  object space 57856K, 38% used [0x0000000085200000,0x00000000867a6098,0x0000000088a80000)
 Metaspace       used 50525K, capacity 52764K, committed 53080K, reserved 1095680K
  class space    used 7018K, capacity 7427K, committed 7512K, reserved 1048576K
GC Heap History (10 events):
Event: 4,529 GC heap after
Heap after GC invocations=8 (full 1):
 PSYoungGen      total 70656K, used 0K [0x00000000d7100000, 0x00000000dfb00000, 0x0000000100000000)
  eden space 63488K, 0% used [0x00000000d7100000,0x00000000d7100000,0x00000000daf00000)
  from space 7168K, 0% used [0x00000000daf00000,0x00000000daf00000,0x00000000db600000)
  to   space 7168K, 0% used [0x00000000df400000,0x00000000df400000,0x00000000dfb00000)
 ParOldGen       total 42496K, used 6941K [0x0000000085200000, 0x0000000087b80000, 0x00000000d7100000)
  object space 42496K, 16% used [0x0000000085200000,0x00000000858c76b0,0x0000000087b80000)
 Metaspace       used 20644K, capacity 21192K, committed 21248K, reserved 1067008K
  class space    used 2653K, capacity 2815K, committed 2816K, reserved 1048576K
}
Event: 4,949 GC heap before
{Heap before GC invocations=9 (full 1):
 PSYoungGen      total 70656K, used 63488K [0x00000000d7100000, 0x00000000dfb00000, 0x0000000100000000)
  eden space 63488K, 100% used [0x00000000d7100000,0x00000000daf00000,0x00000000daf00000)
  from space 7168K, 0% used [0x00000000daf00000,0x00000000daf00000,0x00000000db600000)
  to   space 7168K, 0% used [0x00000000df400000,0x00000000df400000,0x00000000dfb00000)
 ParOldGen       total 42496K, used 6941K [0x0000000085200000, 0x0000000087b80000, 0x00000000d7100000)
  object space 42496K, 16% used [0x0000000085200000,0x00000000858c76b0,0x0000000087b80000)
 Metaspace       used 25181K, capacity 25954K, committed 26240K, reserved 1073152K
  class space    used 3233K, capacity 3422K, committed 3456K, reserved 1048576K
Event: 4,953 GC heap after
Heap after GC invocations=9 (full 1):
 PSYoungGen      total 130048K, used 6494K [0x00000000d7100000, 0x00000000dfa80000, 0x0000000100000000)
  eden space 123392K, 0% used [0x00000000d7100000,0x00000000d7100000,0x00000000de980000)
  from space 6656K, 97% used [0x00000000df400000,0x00000000dfa57a30,0x00000000dfa80000)
  to   space 7680K, 0% used [0x00000000deb80000,0x00000000deb80000,0x00000000df300000)
 ParOldGen       total 42496K, used 7013K [0x0000000085200000, 0x0000000087b80000, 0x00000000d7100000)
  object space 42496K, 16% used [0x0000000085200000,0x00000000858d96c0,0x0000000087b80000)
 Metaspace       used 25181K, capacity 25954K, committed 26240K, reserved 1073152K
  class space    used 3233K, capacity 3422K, committed 3456K, reserved 1048576K
}
Event: 7,412 GC heap before
{Heap before GC invocations=10 (full 1):
 PSYoungGen      total 130048K, used 129886K [0x00000000d7100000, 0x00000000dfa80000, 0x0000000100000000)
  eden space 123392K, 100% used [0x00000000d7100000,0x00000000de980000,0x00000000de980000)
  from space 6656K, 97% used [0x00000000df400000,0x00000000dfa57a30,0x00000000dfa80000)
  to   space 7680K, 0% used [0x00000000deb80000,0x00000000deb80000,0x00000000df300000)
 ParOldGen       total 42496K, used 7013K [0x0000000085200000, 0x0000000087b80000, 0x00000000d7100000)
  object space 42496K, 16% used [0x0000000085200000,0x00000000858d96c0,0x0000000087b80000)
 Metaspace       used 33812K, capacity 35124K, committed 35416K, reserved 1079296K
  class space    used 4337K, capacity 4617K, committed 4696K, reserved 1048576K
Event: 7,427 GC heap after
Heap after GC invocations=10 (full 1):
 PSYoungGen      total 133120K, used 7668K [0x00000000d7100000, 0x00000000e4200000, 0x0000000100000000)
  eden space 125440K, 0% used [0x00000000d7100000,0x00000000d7100000,0x00000000deb80000)
  from space 7680K, 99% used [0x00000000deb80000,0x00000000df2fd130,0x00000000df300000)
  to   space 10752K, 0% used [0x00000000e3780000,0x00000000e3780000,0x00000000e4200000)
 ParOldGen       total 42496K, used 13032K [0x0000000085200000, 0x0000000087b80000, 0x00000000d7100000)
  object space 42496K, 30% used [0x0000000085200000,0x0000000085eba368,0x0000000087b80000)
 Metaspace       used 33812K, capacity 35124K, committed 35416K, reserved 1079296K
  class space    used 4337K, capacity 4617K, committed 4696K, reserved 1048576K
}
Event: 7,821 GC heap before
{Heap before GC invocations=11 (full 1):
 PSYoungGen      total 133120K, used 11543K [0x00000000d7100000, 0x00000000e4200000, 0x0000000100000000)
  eden space 125440K, 3% used [0x00000000d7100000,0x00000000d74c8ae0,0x00000000deb80000)
  from space 7680K, 99% used [0x00000000deb80000,0x00000000df2fd130,0x00000000df300000)
  to   space 10752K, 0% used [0x00000000e3780000,0x00000000e3780000,0x00000000e4200000)
 ParOldGen       total 42496K, used 13032K [0x0000000085200000, 0x0000000087b80000, 0x00000000d7100000)
  object space 42496K, 30% used [0x0000000085200000,0x0000000085eba368,0x0000000087b80000)
 Metaspace       used 34077K, capacity 35322K, committed 35416K, reserved 1079296K
  class space    used 4360K, capacity 4618K, committed 4696K, reserved 1048576K
Event: 7,826 GC heap after
Heap after GC invocations=11 (full 1):
 PSYoungGen      total 203776K, used 5816K [0x00000000d7100000, 0x00000000e4280000, 0x0000000100000000)
  eden space 193024K, 0% used [0x00000000d7100000,0x00000000d7100000,0x00000000e2d80000)
  from space 10752K, 54% used [0x00000000e3780000,0x00000000e3d2e2d0,0x00000000e4200000)
  to   space 10240K, 0% used [0x00000000e2d80000,0x00000000e2d80000,0x00000000e3780000)
 ParOldGen       total 42496K, used 15368K [0x0000000085200000, 0x0000000087b80000, 0x00000000d7100000)
  object space 42496K, 36% used [0x0000000085200000,0x00000000861023c8,0x0000000087b80000)
 Metaspace       used 34077K, capacity 35322K, committed 35416K, reserved 1079296K
  class space    used 4360K, capacity 4618K, committed 4696K, reserved 1048576K
}
Event: 7,826 GC heap before
{Heap before GC invocations=12 (full 2):
 PSYoungGen      total 203776K, used 5816K [0x00000000d7100000, 0x00000000e4280000, 0x0000000100000000)
  eden space 193024K, 0% used [0x00000000d7100000,0x00000000d7100000,0x00000000e2d80000)
  from space 10752K, 54% used [0x00000000e3780000,0x00000000e3d2e2d0,0x00000000e4200000)
  to   space 10240K, 0% used [0x00000000e2d80000,0x00000000e2d80000,0x00000000e3780000)
 ParOldGen       total 42496K, used 15368K [0x0000000085200000, 0x0000000087b80000, 0x00000000d7100000)
  object space 42496K, 36% used [0x0000000085200000,0x00000000861023c8,0x0000000087b80000)
 Metaspace       used 34077K, capacity 35322K, committed 35416K, reserved 1079296K
  class space    used 4360K, capacity 4618K, committed 4696K, reserved 1048576K
Event: 7,874 GC heap after
Heap after GC invocations=12 (full 2):
 PSYoungGen      total 203776K, used 0K [0x00000000d7100000, 0x00000000e4280000, 0x0000000100000000)
  eden space 193024K, 0% used [0x00000000d7100000,0x00000000d7100000,0x00000000e2d80000)
  from space 10752K, 0% used [0x00000000e3780000,0x00000000e3780000,0x00000000e4200000)
  to   space 10240K, 0% used [0x00000000e2d80000,0x00000000e2d80000,0x00000000e3780000)
 ParOldGen       total 57856K, used 14190K [0x0000000085200000, 0x0000000088a80000, 0x00000000d7100000)
  object space 57856K, 24% used [0x0000000085200000,0x0000000085fdbbe0,0x0000000088a80000)
 Metaspace       used 34077K, capacity 35322K, committed 35416K, reserved 1079296K
  class space    used 4360K, capacity 4618K, committed 4696K, reserved 1048576K
}
Event: 14,077 GC heap before
{Heap before GC invocations=13 (full 2):
 PSYoungGen      total 203776K, used 193024K [0x00000000d7100000, 0x00000000e4280000, 0x0000000100000000)
  eden space 193024K, 100% used [0x00000000d7100000,0x00000000e2d80000,0x00000000e2d80000)
  from space 10752K, 0% used [0x00000000e3780000,0x00000000e3780000,0x00000000e4200000)
  to   space 10240K, 0% used [0x00000000e2d80000,0x00000000e2d80000,0x00000000e3780000)
 ParOldGen       total 57856K, used 14190K [0x0000000085200000, 0x0000000088a80000, 0x00000000d7100000)
  object space 57856K, 24% used [0x0000000085200000,0x0000000085fdbbe0,0x0000000088a80000)
 Metaspace       used 50525K, capacity 52764K, committed 53080K, reserved 1095680K
  class space    used 7018K, capacity 7427K, committed 7512K, reserved 1048576K

